2024-05-22 12:50:30.502 [http-nio-80-exec-2] INFO  jdbc.sqlonly - SELECT
				*
		FROM
				PRODUCT

2024-05-22 12:50:30.573 [http-nio-80-exec-2] INFO  jdbc.resultsettable - 
|-----------|---------------------------------------------|--------|---------------|----------------------|---------|
|product_id |product_nm                                   |price   |delivery_price |enroll_at             |brand_id |
|-----------|---------------------------------------------|--------|---------------|----------------------|---------|
|1          |삼성전자 2021 노트북 플러스2 15.6                      |598000  |0              |2021-01-07 00:00:00.0 |1        |
|2          |삼성전자 2021 갤럭시북 15.6                          |1208000 |0              |2021-02-28 00:00:00.0 |1        |
|3          |LG전자 10세대 코어i7 윈10탑재 17형 LG 그램 2020년형 17Z90N |2149000 |0              |2021-03-07 00:00:00.0 |2        |
|4          |LG전자 2021그램 360 14                           |1740000 |0              |2021-07-08 00:00:00.0 |2        |
|5          |LG전자 2020 울트라 PC 14                          |477000  |0              |2021-10-10 00:00:00.0 |2        |
|6          |2020 맥북 프로 13                                |2129650 |3000           |2022-01-01 00:00:00.0 |3        |
|7          |Apple 2020 맥북 에어 13                          |1489800 |3000           |2022-03-03 00:00:00.0 |3        |
|8          |레노버 2021 IdeaPad Slim3 15.6                  |2129650 |2500           |2022-07-07 00:00:00.0 |4        |
|9          |기가바이트 2021 Gaming G5 15.6                    |1499000 |2500           |2022-11-11 00:00:00.0 |5        |
|10         |HP 2021 노트북 15s                              |768840  |2500           |2022-12-31 00:00:00.0 |6        |
|-----------|---------------------------------------------|--------|---------------|----------------------|---------|

2024-05-22 13:02:35.340 [http-nio-80-exec-2] INFO  jdbc.sqlonly - SELECT
				*
		FROM
				PRODUCT

2024-05-22 13:02:35.348 [http-nio-80-exec-2] INFO  jdbc.resultsettable - 
|-----------|---------------------------------------------|--------|---------------|----------------------|---------|
|product_id |product_nm                                   |price   |delivery_price |enroll_at             |brand_id |
|-----------|---------------------------------------------|--------|---------------|----------------------|---------|
|1          |삼성전자 2021 노트북 플러스2 15.6                      |598000  |0              |2021-01-07 00:00:00.0 |1        |
|2          |삼성전자 2021 갤럭시북 15.6                          |1208000 |0              |2021-02-28 00:00:00.0 |1        |
|3          |LG전자 10세대 코어i7 윈10탑재 17형 LG 그램 2020년형 17Z90N |2149000 |0              |2021-03-07 00:00:00.0 |2        |
|4          |LG전자 2021그램 360 14                           |1740000 |0              |2021-07-08 00:00:00.0 |2        |
|5          |LG전자 2020 울트라 PC 14                          |477000  |0              |2021-10-10 00:00:00.0 |2        |
|6          |2020 맥북 프로 13                                |2129650 |3000           |2022-01-01 00:00:00.0 |3        |
|7          |Apple 2020 맥북 에어 13                          |1489800 |3000           |2022-03-03 00:00:00.0 |3        |
|8          |레노버 2021 IdeaPad Slim3 15.6                  |2129650 |2500           |2022-07-07 00:00:00.0 |4        |
|9          |기가바이트 2021 Gaming G5 15.6                    |1499000 |2500           |2022-11-11 00:00:00.0 |5        |
|10         |HP 2021 노트북 15s                              |768840  |2500           |2022-12-31 00:00:00.0 |6        |
|-----------|---------------------------------------------|--------|---------------|----------------------|---------|

2024-05-22 13:10:41.952 [http-nio-80-exec-2] INFO  jdbc.sqlonly - SELECT
				*
		FROM
				BRAND

2024-05-22 13:10:41.956 [http-nio-80-exec-2] INFO  jdbc.resultsettable - 
|---------|---------|----------------------|----------|
|brand_id |brand_nm |entered_at            |active_yn |
|---------|---------|----------------------|----------|
|1        |samsung  |2021-01-01 00:00:00.0 |Y         |
|2        |lg       |2021-01-01 00:00:00.0 |Y         |
|3        |apple    |2021-01-01 00:00:00.0 |Y         |
|4        |lenovo   |2021-01-01 00:00:00.0 |N         |
|5        |gigabyte |2021-01-01 00:00:00.0 |N         |
|6        |hp       |2021-01-01 00:00:00.0 |N         |
|100      |추가된브랜드   |2024-05-20 13:40:04.0 |Y         |
|---------|---------|----------------------|----------|

2024-05-22 13:22:17.009 [main] INFO  jdbc.sqlonly - SELECT
				*
		FROM
				BRAND

2024-05-22 13:22:17.045 [main] INFO  jdbc.resultsettable - 
|---------|---------|----------------------|----------|
|brand_id |brand_nm |entered_at            |active_yn |
|---------|---------|----------------------|----------|
|1        |samsung  |2021-01-01 00:00:00.0 |Y         |
|2        |lg       |2021-01-01 00:00:00.0 |Y         |
|3        |apple    |2021-01-01 00:00:00.0 |Y         |
|4        |lenovo   |2021-01-01 00:00:00.0 |N         |
|5        |gigabyte |2021-01-01 00:00:00.0 |N         |
|6        |hp       |2021-01-01 00:00:00.0 |N         |
|100      |추가된브랜드   |2024-05-20 13:40:04.0 |Y         |
|---------|---------|----------------------|----------|

2024-05-22 13:35:47.405 [main] INFO  jdbc.sqlonly - UPDATE
				ACCOUNT
		SET
				BALANCE = BALANCE - 10000
		WHERE
				ACCOUNT_ID = '111'

2024-05-22 13:35:47.412 [main] INFO  jdbc.sqlonly - UPDATE
				ACCOUNT
		SET
				BALANCE = BALANCE + 10000
		WHERE
				ACCOUNT_ID = '222'

2024-05-22 13:36:49.883 [main] INFO  jdbc.sqlonly - UPDATE
				ACCOUNT
		SET
				BALANCE = BALANCE - 10000
		WHERE
				ACCOUNT_ID = '111'

2024-05-22 13:37:26.045 [main] INFO  jdbc.sqlonly - UPDATE
				ACCOUNT
		SET
				BALANCE = BALANCE - 10000
		WHERE
				ACCOUNT_ID = '111'

