2024-05-21 14:05:28.640 [main] INFO  jdbc.sqlonly - UPDATE
				ACCOUNT
		SET
				BALANCE = BALANCE - 10000
		WHERE
				ACCOUNT_ID = '111'

2024-05-21 14:05:28.663 [main] INFO  jdbc.sqlonly - UPDATE
				ACCOUNT
		SET
				BALANCE = BALANCE + 10000
		WHERE
				ACCOUNT_ID = '222'

2024-05-21 14:08:04.717 [main] INFO  jdbc.sqlonly - UPDATE
				ACCOUNT
		SET
				BALANCE = BALANCE - 10000
		WHERE
				ACCOUNT_ID = '111'

2024-05-21 14:10:22.461 [main] INFO  jdbc.sqlonly - UPDATE
				ACCOUNT
		SET
				BALANCE = BALANCE - 10000
		WHERE
				ACCOUNT_ID = '111'

2024-05-21 14:11:47.166 [main] INFO  jdbc.sqlonly - UPDATE
				ACCOUNT
		SET
				BALANCE = BALANCE - 10000
		WHERE
				ACCOUNT_ID = '111'

2024-05-21 14:14:18.166 [main] INFO  jdbc.sqlonly - UPDATE
				MEMBER
		SET
				POINT = POINT + 100
		WHERE
				MEMBER_ID = 'user1'

2024-05-21 14:14:18.181 [main] INFO  jdbc.sqlonly - UPDATE
				CART
		SET
				CART_CNT = CART_CNT - 1
		WHERE 
				MEMBER_ID = 'user1'

2024-05-21 14:16:14.009 [main] INFO  jdbc.sqlonly - UPDATE
				MEMBER
		SET
				POINT = POINT + 100
		WHERE
				MEMBER_ID = 'user1'

2024-05-21 14:16:14.016 [main] INFO  jdbc.sqlonly - UPDATE
				CART
		SET
				CART_CNT = CART_CNT - 1
		WHERE 
				MEMBER_ID = 'user1'

2024-05-21 14:34:00.074 [scheduling-1] INFO  jdbc.sqlonly - SELECT
				*
		FROM
				PRODUCT

2024-05-21 14:34:00.107 [scheduling-1] INFO  jdbc.resultsettable - 
|-----------|---------------------------------------------|--------|---------------|----------------------|---------|
|product_id |product_nm                                   |price   |delivery_price |enroll_at             |brand_id |
|-----------|---------------------------------------------|--------|---------------|----------------------|---------|
|1          |삼성전자 2021 노트북 플러스2 15.6                      |598000  |0              |2021-01-07 00:00:00.0 |1        |
|2          |삼성전자 2021 갤럭시북 15.6                          |1208000 |0              |2021-02-28 00:00:00.0 |1        |
|3          |LG전자 10세대 코어i7 윈10탑재 17형 LG 그램 2020년형 17Z90N |2149000 |0              |2021-03-07 00:00:00.0 |2        |
|4          |LG전자 2021그램 360 14                           |1740000 |0              |2021-07-08 00:00:00.0 |2        |
|5          |LG전자 2020 울트라 PC 14                          |477000  |0              |2021-10-10 00:00:00.0 |2        |
|6          |2020 맥북 프로 13                                |2129650 |3000           |2022-01-01 00:00:00.0 |3        |
|7          |Apple 2020 맥북 에어 13                          |1489800 |3000           |2022-03-03 00:00:00.0 |3        |
|8          |레노버 2021 IdeaPad Slim3 15.6                  |2129650 |2500           |2022-07-07 00:00:00.0 |4        |
|9          |기가바이트 2021 Gaming G5 15.6                    |1499000 |2500           |2022-11-11 00:00:00.0 |5        |
|10         |HP 2021 노트북 15s                              |768840  |2500           |2022-12-31 00:00:00.0 |6        |
|-----------|---------------------------------------------|--------|---------------|----------------------|---------|

2024-05-21 14:35:15.018 [scheduling-1] INFO  jdbc.sqlonly - SELECT
				*
		FROM
				PRODUCT

2024-05-21 14:35:15.045 [scheduling-1] INFO  jdbc.resultsettable - 
|-----------|---------------------------------------------|--------|---------------|----------------------|---------|
|product_id |product_nm                                   |price   |delivery_price |enroll_at             |brand_id |
|-----------|---------------------------------------------|--------|---------------|----------------------|---------|
|1          |삼성전자 2021 노트북 플러스2 15.6                      |598000  |0              |2021-01-07 00:00:00.0 |1        |
|2          |삼성전자 2021 갤럭시북 15.6                          |1208000 |0              |2021-02-28 00:00:00.0 |1        |
|3          |LG전자 10세대 코어i7 윈10탑재 17형 LG 그램 2020년형 17Z90N |2149000 |0              |2021-03-07 00:00:00.0 |2        |
|4          |LG전자 2021그램 360 14                           |1740000 |0              |2021-07-08 00:00:00.0 |2        |
|5          |LG전자 2020 울트라 PC 14                          |477000  |0              |2021-10-10 00:00:00.0 |2        |
|6          |2020 맥북 프로 13                                |2129650 |3000           |2022-01-01 00:00:00.0 |3        |
|7          |Apple 2020 맥북 에어 13                          |1489800 |3000           |2022-03-03 00:00:00.0 |3        |
|8          |레노버 2021 IdeaPad Slim3 15.6                  |2129650 |2500           |2022-07-07 00:00:00.0 |4        |
|9          |기가바이트 2021 Gaming G5 15.6                    |1499000 |2500           |2022-11-11 00:00:00.0 |5        |
|10         |HP 2021 노트북 15s                              |768840  |2500           |2022-12-31 00:00:00.0 |6        |
|-----------|---------------------------------------------|--------|---------------|----------------------|---------|

2024-05-21 14:35:45.015 [scheduling-1] INFO  jdbc.sqlonly - SELECT
				*
		FROM
				PRODUCT

2024-05-21 14:35:45.022 [scheduling-1] INFO  jdbc.resultsettable - 
|-----------|---------------------------------------------|--------|---------------|----------------------|---------|
|product_id |product_nm                                   |price   |delivery_price |enroll_at             |brand_id |
|-----------|---------------------------------------------|--------|---------------|----------------------|---------|
|1          |삼성전자 2021 노트북 플러스2 15.6                      |598000  |0              |2021-01-07 00:00:00.0 |1        |
|2          |삼성전자 2021 갤럭시북 15.6                          |1208000 |0              |2021-02-28 00:00:00.0 |1        |
|3          |LG전자 10세대 코어i7 윈10탑재 17형 LG 그램 2020년형 17Z90N |2149000 |0              |2021-03-07 00:00:00.0 |2        |
|4          |LG전자 2021그램 360 14                           |1740000 |0              |2021-07-08 00:00:00.0 |2        |
|5          |LG전자 2020 울트라 PC 14                          |477000  |0              |2021-10-10 00:00:00.0 |2        |
|6          |2020 맥북 프로 13                                |2129650 |3000           |2022-01-01 00:00:00.0 |3        |
|7          |Apple 2020 맥북 에어 13                          |1489800 |3000           |2022-03-03 00:00:00.0 |3        |
|8          |레노버 2021 IdeaPad Slim3 15.6                  |2129650 |2500           |2022-07-07 00:00:00.0 |4        |
|9          |기가바이트 2021 Gaming G5 15.6                    |1499000 |2500           |2022-11-11 00:00:00.0 |5        |
|10         |HP 2021 노트북 15s                              |768840  |2500           |2022-12-31 00:00:00.0 |6        |
|-----------|---------------------------------------------|--------|---------------|----------------------|---------|

2024-05-21 14:37:00.006 [scheduling-1] INFO  jdbc.sqlonly - SELECT
				*
		FROM
				PRODUCT

2024-05-21 14:37:00.019 [scheduling-1] INFO  jdbc.resultsettable - 
|-----------|---------------------------------------------|--------|---------------|----------------------|---------|
|product_id |product_nm                                   |price   |delivery_price |enroll_at             |brand_id |
|-----------|---------------------------------------------|--------|---------------|----------------------|---------|
|1          |삼성전자 2021 노트북 플러스2 15.6                      |598000  |0              |2021-01-07 00:00:00.0 |1        |
|2          |삼성전자 2021 갤럭시북 15.6                          |1208000 |0              |2021-02-28 00:00:00.0 |1        |
|3          |LG전자 10세대 코어i7 윈10탑재 17형 LG 그램 2020년형 17Z90N |2149000 |0              |2021-03-07 00:00:00.0 |2        |
|4          |LG전자 2021그램 360 14                           |1740000 |0              |2021-07-08 00:00:00.0 |2        |
|5          |LG전자 2020 울트라 PC 14                          |477000  |0              |2021-10-10 00:00:00.0 |2        |
|6          |2020 맥북 프로 13                                |2129650 |3000           |2022-01-01 00:00:00.0 |3        |
|7          |Apple 2020 맥북 에어 13                          |1489800 |3000           |2022-03-03 00:00:00.0 |3        |
|8          |레노버 2021 IdeaPad Slim3 15.6                  |2129650 |2500           |2022-07-07 00:00:00.0 |4        |
|9          |기가바이트 2021 Gaming G5 15.6                    |1499000 |2500           |2022-11-11 00:00:00.0 |5        |
|10         |HP 2021 노트북 15s                              |768840  |2500           |2022-12-31 00:00:00.0 |6        |
|-----------|---------------------------------------------|--------|---------------|----------------------|---------|

