2024-05-20 13:21:12.732 [main] INFO  jdbc.sqlonly - SELECT
				*
		FROM
				BRAND
		WHERE
				BRAND_ID = 1

2024-05-20 13:21:12.755 [main] INFO  jdbc.resultsettable - 
|---------|---------|----------------------|----------|
|brand_id |brand_nm |entered_at            |active_yn |
|---------|---------|----------------------|----------|
|1        |samsung  |2021-01-01 00:00:00.0 |Y         |
|---------|---------|----------------------|----------|

2024-05-20 13:24:03.554 [main] INFO  jdbc.sqlonly - INSERT INTO 
				BRAND
		VALUES (
			100,
			'추가된브랜드',
			NOW(),
			'Y'
		);

2024-05-20 13:26:08.518 [main] INFO  jdbc.sqlonly - UPDATE
				BRAND
		SET
				BRAND_NM = '추가된브랜드1'
		WHERE
				BRAND_ID = 100

2024-05-20 13:40:04.248 [main] INFO  jdbc.sqlonly - SELECT
				*
		FROM
				BRAND
		WHERE
				BRAND_ID = 1

2024-05-20 13:40:04.285 [main] INFO  jdbc.resultsettable - 
|---------|---------|----------------------|----------|
|brand_id |brand_nm |entered_at            |active_yn |
|---------|---------|----------------------|----------|
|1        |samsung  |2021-01-01 00:00:00.0 |Y         |
|---------|---------|----------------------|----------|

2024-05-20 13:40:04.332 [main] INFO  jdbc.sqlonly - DELETE FROM 
				BRAND
		WHERE
				BRAND_ID = 100

2024-05-20 13:40:04.352 [main] INFO  jdbc.sqlonly - SELECT
				*
		FROM
				BRAND

2024-05-20 13:40:04.360 [main] INFO  jdbc.resultsettable - 
|---------|---------|----------------------|----------|
|brand_id |brand_nm |entered_at            |active_yn |
|---------|---------|----------------------|----------|
|1        |samsung  |2021-01-01 00:00:00.0 |Y         |
|2        |lg       |2021-01-01 00:00:00.0 |Y         |
|3        |apple    |2021-01-01 00:00:00.0 |Y         |
|4        |lenovo   |2021-01-01 00:00:00.0 |N         |
|5        |gigabyte |2021-01-01 00:00:00.0 |N         |
|6        |hp       |2021-01-01 00:00:00.0 |N         |
|---------|---------|----------------------|----------|

2024-05-20 13:40:04.366 [main] INFO  jdbc.sqlonly - UPDATE
				BRAND
		SET
				BRAND_NM = '추가된브랜드1'
		WHERE
				BRAND_ID = 100

2024-05-20 13:40:04.375 [main] INFO  jdbc.sqlonly - INSERT INTO 
				BRAND
		VALUES (
			100,
			'추가된브랜드',
			NOW(),
			'Y'
		);

2024-05-20 13:43:22.077 [http-nio-80-exec-1] INFO  jdbc.sqlonly - SELECT *
		FROM   BOARD

2024-05-20 13:43:22.104 [http-nio-80-exec-1] INFO  jdbc.resultsettable - 
|---------|-------------------------------------------------------------|-------|--------|---------------------------------------------------------------------------------------------------------------------------------------------------------------------------------------------------------------------------------------------------------------------------------------|---------|----------------------|
|board_id |passwd                                                       |writer |subject |content                                                                                                                                                                                                                                                                                |read_cnt |enroll_at             |
|---------|-------------------------------------------------------------|-------|--------|---------------------------------------------------------------------------------------------------------------------------------------------------------------------------------------------------------------------------------------------------------------------------------------|---------|----------------------|
|2        |$2a$10$mMaHIYOy90nROk92t7elNO0MmO1cWO9RNzL4jmV7tLjxAuem3Tu7m |a      |a       |asdsaa                                                                                                                                                                                                                                                                                 |5        |2024-05-10 12:38:00.0 |
|3        |$2a$10$ZJi6GrNd9gObtTEnh8H0pOLeq44NnDoHg9.cNiqMjKzrirPsKwGli |b      |b       |bvdd                                                                                                                                                                                                                                                                                   |1        |2024-05-10 12:41:02.0 |
|4        |$2a$10$cyheqBETeINysyp4.NsvEe68fKy2sO8Kivf.qBvaUObU0CqSHXtZK |익명     |안녕하세요   |<table border="1" cellpadding="1" cellspacing="1" style="width:500px">
	<tbody>
		<tr>
			<td>hi</td>
			<td>안녕</td>
		</tr>
		<tr>
			<td>hello</td>
			<td>안녕</td>
		</tr>
		<tr>
			<td>&nbsp;</td>
			<td>&nbsp;</td>
		</tr>
	</tbody>
</table>

<p>&nbsp;</p>
 |5        |2024-05-10 12:46:54.0 |
|5        |$2a$10$fCiTx49YdNH6SxNQX.6TFegABU7q8TBX6L1SMejblJPUR6sP8ZDLq |부동산    |이 동네 가격 |<p>zzzzzzzzzzzzzzz잘 몰라요</p>
                                                                                                                                                                                                                                                          |4        |2024-05-10 13:07:35.0 |
|7        |$2a$10$GusZGJlbzUAkxo4QZxoCa.h0pY0W3f6TCKvHu.XPBlykR2mxHNhVK |ㅅㅁ     |zzzz    |<table border="1" cellpadding="1" cellspacing="1" style="width:500px">
	<tbody>
		<tr>
			<td>location</td>
			<td>l</td>
		</tr>
		<tr>
			<td>lion</td>
			<td>l</td>
		</tr>
		<tr>
			<td>view</td>
			<td>v</td>
		</tr>
	</tbody>
</table>

<p>&nbsp;</p>
     |25       |2024-05-14 14:26:56.0 |
|---------|-------------------------------------------------------------|-------|--------|---------------------------------------------------------------------------------------------------------------------------------------------------------------------------------------------------------------------------------------------------------------------------------------|---------|----------------------|

2024-05-20 13:43:32.421 [http-nio-80-exec-2] INFO  jdbc.sqlonly - UPDATE BOARD
		SET    READ_CNT = READ_CNT + 1
		WHERE  BOARD_ID = 7

2024-05-20 13:43:32.430 [http-nio-80-exec-2] INFO  jdbc.sqlonly - SELECT *
		FROM   BOARD
		WHERE  BOARD_ID = 7

2024-05-20 13:43:32.433 [http-nio-80-exec-2] INFO  jdbc.resultsettable - 
|---------|-------------------------------------------------------------|-------|--------|-----------------------------------------------------------------------------------------------------------------------------------------------------------------------------------------------------------------------------------------------------------------------------------|---------|----------------------|
|board_id |passwd                                                       |writer |subject |content                                                                                                                                                                                                                                                                            |read_cnt |enroll_at             |
|---------|-------------------------------------------------------------|-------|--------|-----------------------------------------------------------------------------------------------------------------------------------------------------------------------------------------------------------------------------------------------------------------------------------|---------|----------------------|
|7        |$2a$10$GusZGJlbzUAkxo4QZxoCa.h0pY0W3f6TCKvHu.XPBlykR2mxHNhVK |ㅅㅁ     |zzzz    |<table border="1" cellpadding="1" cellspacing="1" style="width:500px">
	<tbody>
		<tr>
			<td>location</td>
			<td>l</td>
		</tr>
		<tr>
			<td>lion</td>
			<td>l</td>
		</tr>
		<tr>
			<td>view</td>
			<td>v</td>
		</tr>
	</tbody>
</table>

<p>&nbsp;</p>
 |26       |2024-05-14 14:26:56.0 |
|---------|-------------------------------------------------------------|-------|--------|-----------------------------------------------------------------------------------------------------------------------------------------------------------------------------------------------------------------------------------------------------------------------------------|---------|----------------------|

2024-05-20 13:43:38.318 [http-nio-80-exec-3] INFO  jdbc.sqlonly - SELECT *
		FROM   BOARD
		WHERE  BOARD_ID = 7

2024-05-20 13:43:38.321 [http-nio-80-exec-3] INFO  jdbc.resultsettable - 
|---------|-------------------------------------------------------------|-------|--------|-----------------------------------------------------------------------------------------------------------------------------------------------------------------------------------------------------------------------------------------------------------------------------------|---------|----------------------|
|board_id |passwd                                                       |writer |subject |content                                                                                                                                                                                                                                                                            |read_cnt |enroll_at             |
|---------|-------------------------------------------------------------|-------|--------|-----------------------------------------------------------------------------------------------------------------------------------------------------------------------------------------------------------------------------------------------------------------------------------|---------|----------------------|
|7        |$2a$10$GusZGJlbzUAkxo4QZxoCa.h0pY0W3f6TCKvHu.XPBlykR2mxHNhVK |ㅅㅁ     |zzzz    |<table border="1" cellpadding="1" cellspacing="1" style="width:500px">
	<tbody>
		<tr>
			<td>location</td>
			<td>l</td>
		</tr>
		<tr>
			<td>lion</td>
			<td>l</td>
		</tr>
		<tr>
			<td>view</td>
			<td>v</td>
		</tr>
	</tbody>
</table>

<p>&nbsp;</p>
 |26       |2024-05-14 14:26:56.0 |
|---------|-------------------------------------------------------------|-------|--------|-----------------------------------------------------------------------------------------------------------------------------------------------------------------------------------------------------------------------------------------------------------------------------------|---------|----------------------|

2024-05-20 13:43:42.587 [http-nio-80-exec-4] INFO  jdbc.sqlonly - SELECT PASSWD
		FROM   BOARD
		WHERE  BOARD_ID = 7

2024-05-20 13:43:42.592 [http-nio-80-exec-4] INFO  jdbc.resultsettable - 
|-------------------------------------------------------------|
|passwd                                                       |
|-------------------------------------------------------------|
|$2a$10$GusZGJlbzUAkxo4QZxoCa.h0pY0W3f6TCKvHu.XPBlykR2mxHNhVK |
|-------------------------------------------------------------|

2024-05-20 13:43:42.747 [http-nio-80-exec-5] INFO  jdbc.sqlonly - SELECT *
		FROM   BOARD
		WHERE  BOARD_ID = 7

2024-05-20 13:43:42.751 [http-nio-80-exec-5] INFO  jdbc.resultsettable - 
|---------|-------------------------------------------------------------|-------|--------|-----------------------------------------------------------------------------------------------------------------------------------------------------------------------------------------------------------------------------------------------------------------------------------|---------|----------------------|
|board_id |passwd                                                       |writer |subject |content                                                                                                                                                                                                                                                                            |read_cnt |enroll_at             |
|---------|-------------------------------------------------------------|-------|--------|-----------------------------------------------------------------------------------------------------------------------------------------------------------------------------------------------------------------------------------------------------------------------------------|---------|----------------------|
|7        |$2a$10$GusZGJlbzUAkxo4QZxoCa.h0pY0W3f6TCKvHu.XPBlykR2mxHNhVK |ㅅㅁ     |zzzz    |<table border="1" cellpadding="1" cellspacing="1" style="width:500px">
	<tbody>
		<tr>
			<td>location</td>
			<td>l</td>
		</tr>
		<tr>
			<td>lion</td>
			<td>l</td>
		</tr>
		<tr>
			<td>view</td>
			<td>v</td>
		</tr>
	</tbody>
</table>

<p>&nbsp;</p>
 |26       |2024-05-14 14:26:56.0 |
|---------|-------------------------------------------------------------|-------|--------|-----------------------------------------------------------------------------------------------------------------------------------------------------------------------------------------------------------------------------------------------------------------------------------|---------|----------------------|

2024-05-20 13:44:03.253 [http-nio-80-exec-8] INFO  jdbc.sqlonly - UPDATE BOARD
		SET    SUBJECT = 'hii' ,
		       CONTENT = '<table border="1" cellpadding="1" cellspacing="1" style="width:500px">
	<tbody>
		<tr>
			<td>location</td>
			<td>l</td>
		</tr>
		<tr>
			<td>lion</td>
			<td>l</td>
		</tr>
		<tr>
			<td>view</td>
			<td>v</td>
		</tr>
	</tbody>
</table>

<p>&nbsp;</p>
'
		WHERE  BOARD_ID = 7

2024-05-20 13:44:04.749 [http-nio-80-exec-9] INFO  jdbc.sqlonly - SELECT *
		FROM   BOARD

2024-05-20 13:44:04.756 [http-nio-80-exec-9] INFO  jdbc.resultsettable - 
|---------|-------------------------------------------------------------|-------|--------|---------------------------------------------------------------------------------------------------------------------------------------------------------------------------------------------------------------------------------------------------------------------------------------|---------|----------------------|
|board_id |passwd                                                       |writer |subject |content                                                                                                                                                                                                                                                                                |read_cnt |enroll_at             |
|---------|-------------------------------------------------------------|-------|--------|---------------------------------------------------------------------------------------------------------------------------------------------------------------------------------------------------------------------------------------------------------------------------------------|---------|----------------------|
|2        |$2a$10$mMaHIYOy90nROk92t7elNO0MmO1cWO9RNzL4jmV7tLjxAuem3Tu7m |a      |a       |asdsaa                                                                                                                                                                                                                                                                                 |5        |2024-05-10 12:38:00.0 |
|3        |$2a$10$ZJi6GrNd9gObtTEnh8H0pOLeq44NnDoHg9.cNiqMjKzrirPsKwGli |b      |b       |bvdd                                                                                                                                                                                                                                                                                   |1        |2024-05-10 12:41:02.0 |
|4        |$2a$10$cyheqBETeINysyp4.NsvEe68fKy2sO8Kivf.qBvaUObU0CqSHXtZK |익명     |안녕하세요   |<table border="1" cellpadding="1" cellspacing="1" style="width:500px">
	<tbody>
		<tr>
			<td>hi</td>
			<td>안녕</td>
		</tr>
		<tr>
			<td>hello</td>
			<td>안녕</td>
		</tr>
		<tr>
			<td>&nbsp;</td>
			<td>&nbsp;</td>
		</tr>
	</tbody>
</table>

<p>&nbsp;</p>
 |5        |2024-05-10 12:46:54.0 |
|5        |$2a$10$fCiTx49YdNH6SxNQX.6TFegABU7q8TBX6L1SMejblJPUR6sP8ZDLq |부동산    |이 동네 가격 |<p>zzzzzzzzzzzzzzz잘 몰라요</p>
                                                                                                                                                                                                                                                          |4        |2024-05-10 13:07:35.0 |
|7        |$2a$10$GusZGJlbzUAkxo4QZxoCa.h0pY0W3f6TCKvHu.XPBlykR2mxHNhVK |ㅅㅁ     |hii     |<table border="1" cellpadding="1" cellspacing="1" style="width:500px">
	<tbody>
		<tr>
			<td>location</td>
			<td>l</td>
		</tr>
		<tr>
			<td>lion</td>
			<td>l</td>
		</tr>
		<tr>
			<td>view</td>
			<td>v</td>
		</tr>
	</tbody>
</table>

<p>&nbsp;</p>
     |26       |2024-05-14 14:26:56.0 |
|---------|-------------------------------------------------------------|-------|--------|---------------------------------------------------------------------------------------------------------------------------------------------------------------------------------------------------------------------------------------------------------------------------------------|---------|----------------------|

2024-05-20 13:45:05.839 [http-nio-80-exec-2] INFO  jdbc.sqlonly - UPDATE BOARD
		SET    READ_CNT = READ_CNT + 1
		WHERE  BOARD_ID = 5

2024-05-20 13:45:05.846 [http-nio-80-exec-2] INFO  jdbc.sqlonly - SELECT *
		FROM   BOARD
		WHERE  BOARD_ID = 5

2024-05-20 13:45:05.847 [http-nio-80-exec-2] INFO  jdbc.resultsettable - 
|---------|-------------------------------------------------------------|-------|--------|------------------------------|---------|----------------------|
|board_id |passwd                                                       |writer |subject |content                       |read_cnt |enroll_at             |
|---------|-------------------------------------------------------------|-------|--------|------------------------------|---------|----------------------|
|5        |$2a$10$fCiTx49YdNH6SxNQX.6TFegABU7q8TBX6L1SMejblJPUR6sP8ZDLq |부동산    |이 동네 가격 |<p>zzzzzzzzzzzzzzz잘 몰라요</p>
 |5        |2024-05-10 13:07:35.0 |
|---------|-------------------------------------------------------------|-------|--------|------------------------------|---------|----------------------|

